Arguments: 
  /opt/homebrew/Cellar/nvm/0.39.0/versions/node/v16.13.1/bin/node /opt/homebrew/opt/nvm/versions/node/v16.13.1/bin/yarn add reflect-matedata -D

PATH: 
  /opt/homebrew/opt/nvm/versions/node/v16.13.1/bin:/Users/ytg/bin:/usr/local/bin:/opt/homebrew/bin:/opt/homebrew/sbin:/usr/local/bin:/usr/bin:/bin:/usr/sbin:/sbin:/opt/homebrew/opt/nvm/versions/node/v16.13.1/bin:/Users/ytg/bin:/opt/homebrew/bin:/opt/homebrew/sbin:/Users/ytg/.cargo/bin:/Users/ytg/.fig/bin:/Users/ytg/.local/bin

Yarn version: 
  1.22.17

Node version: 
  16.13.1

Platform: 
  darwin arm64

Trace: 
  Error: https://registry.npmmirror.com/reflect-matedata: [NOT_FOUND] reflect-matedata not found
      at Request.params.callback [as _callback] (/opt/homebrew/Cellar/nvm/0.39.0/versions/node/v16.13.1/lib/node_modules/yarn/lib/cli.js:67029:18)
      at Request.self.callback (/opt/homebrew/Cellar/nvm/0.39.0/versions/node/v16.13.1/lib/node_modules/yarn/lib/cli.js:140883:22)
      at Request.emit (node:events:390:28)
      at Request.<anonymous> (/opt/homebrew/Cellar/nvm/0.39.0/versions/node/v16.13.1/lib/node_modules/yarn/lib/cli.js:141855:10)
      at Request.emit (node:events:390:28)
      at Gunzip.<anonymous> (/opt/homebrew/Cellar/nvm/0.39.0/versions/node/v16.13.1/lib/node_modules/yarn/lib/cli.js:141777:12)
      at Object.onceWrapper (node:events:509:28)
      at Gunzip.emit (node:events:390:28)
      at endReadableNT (node:internal/streams/readable:1343:12)
      at processTicksAndRejections (node:internal/process/task_queues:83:21)

npm manifest: 
  {
    "name": "ioc-test",
    "version": "1.0.0",
    "description": "",
    "main": "index.js",
    "scripts": {
      "test": "echo \"Error: no test specified\" && exit 1"
    },
    "keywords": [],
    "author": "",
    "license": "ISC",
    "devDependencies": {
      "inversify": "^6.0.1"
    }
  }

yarn manifest: 
  No manifest

Lockfile: 
  # THIS IS AN AUTOGENERATED FILE. DO NOT EDIT THIS FILE DIRECTLY.
  # yarn lockfile v1
  
  
  inversify@^6.0.1:
    version "6.0.1"
    resolved "https://registry.npmmirror.com/inversify/-/inversify-6.0.1.tgz#b20d35425d5d8c5cd156120237aad0008d969f02"
    integrity sha512-B3ex30927698TJENHR++8FfEaJGqoWOgI6ZY5Ht/nLUsFCwHn6akbwtnUAPCgUepAnTpe2qHxhDNjoKLyz6rgQ==
